Línea 90: la clase MSACAL.Calendar del control Calendar1 no era una clase de control cargada.
Línea 96: el nombre de la propiedad _Version de Calendar1 no es válido.
Línea 97: el nombre de la propiedad _ExtentX de Calendar1 no es válido.
Línea 98: el nombre de la propiedad _ExtentY de Calendar1 no es válido.
Línea 99: el nombre de la propiedad _StockProps de Calendar1 no es válido.
Línea 101: el nombre de la propiedad Year de Calendar1 no es válido.
Línea 102: el nombre de la propiedad Month de Calendar1 no es válido.
Línea 103: el nombre de la propiedad Day de Calendar1 no es válido.
Línea 104: el nombre de la propiedad DayLength de Calendar1 no es válido.
Línea 105: el nombre de la propiedad MonthLength de Calendar1 no es válido.
Línea 106: el nombre de la propiedad DayFontColor de Calendar1 no es válido.
Línea 107: el nombre de la propiedad FirstDay de Calendar1 no es válido.
Línea 108: el nombre de la propiedad GridCellEffect de Calendar1 no es válido.
Línea 109: el nombre de la propiedad GridFontColor de Calendar1 no es válido.
Línea 110: el nombre de la propiedad GridLinesColor de Calendar1 no es válido.
Línea 111: el nombre de la propiedad ShowDateSelectors de Calendar1 no es válido.
Línea 112: el nombre de la propiedad ShowDays de Calendar1 no es válido.
Línea 113: el nombre de la propiedad ShowHorizontalGrid de Calendar1 no es válido.
Línea 114: el nombre de la propiedad ShowTitle de Calendar1 no es válido.
Línea 115: el nombre de la propiedad ShowVerticalGrid de Calendar1 no es válido.
Línea 116: el nombre de la propiedad TitleFontColor de Calendar1 no es válido.
Línea 117: el nombre de la propiedad ValueIsNull de Calendar1 no es válido.
Línea 126: el nombre de la propiedad DayFont de Calendar1 no es válido.
Línea 135: el nombre de la propiedad GridFont de Calendar1 no es válido.
Línea 144: el nombre de la propiedad TitleFont de Calendar1 no es válido.
